"M:/Desktop/Submission 03 October/The Fall Game/Content/D0ge/Prefabs/NewUserDefinedStruct.uasset" 0
"M:/Desktop/Submission 03 October/The Fall Game/Content/D0ge/Prefabs/SpawnerData.uasset" 1
"M:/Desktop/Submission 03 October/The Fall Game/Content/D0ge/Prefabs/SpawnerBehaviour.uasset" 2
"M:/Desktop/Submission 03 October/The Fall Game/Content/Mannequin/Character/Mesh/UE4_Mannequin_Skeleton.uasset" 3
"M:/Desktop/Submission 03 October/The Fall Game/Content/Mannequin/Animations/ThirdPersonJump_End.uasset" 4
"../../../Engine/Content/Functions/Engine_MaterialFunctions02/Utility/BlendAngleCorrectedNormals.uasset" 5
"../../../Engine/Content/Functions/MaterialLayerFunctions/MatLayerBlend_NormalBlend.uasset" 6
"../../../Engine/Content/Functions/MaterialLayerFunctions/MatLayerBlend_Simple.uasset" 7
"M:/Desktop/Submission 03 October/The Fall Game/Content/Mannequin/Character/Materials/MaterialLayers/T_ML_Rubber_Blue_01_D.uasset" 8
"M:/Desktop/Submission 03 October/The Fall Game/Content/Mannequin/Character/Materials/MaterialLayers/T_ML_Rubber_Blue_01_N.uasset" 9
"M:/Desktop/Submission 03 October/The Fall Game/Content/Mannequin/Character/Materials/MaterialLayers/ML_GlossyBlack_Latex_UE4.uasset" 10
"M:/Desktop/Submission 03 October/The Fall Game/Content/Mannequin/Character/Materials/MaterialLayers/ML_Plastic_Shiny_Beige.uasset" 11
"M:/Desktop/Submission 03 October/The Fall Game/Content/Mannequin/Character/Textures/UE4_LOGO_CARD.uasset" 12
"M:/Desktop/Submission 03 October/The Fall Game/Content/Mannequin/Character/Materials/MaterialLayers/ML_Plastic_Shiny_Beige_LOGO.uasset" 13
"M:/Desktop/Submission 03 October/The Fall Game/Content/Mannequin/Character/Materials/MaterialLayers/T_ML_Aluminum01.uasset" 14
"M:/Desktop/Submission 03 October/The Fall Game/Content/Mannequin/Character/Materials/MaterialLayers/T_ML_Aluminum01_N.uasset" 15
"M:/Desktop/Submission 03 October/The Fall Game/Content/Mannequin/Character/Materials/MaterialLayers/ML_SoftMetal_UE4.uasset" 16
"M:/Desktop/Submission 03 October/The Fall Game/Content/Mannequin/Character/Textures/UE4_Mannequin__normals.uasset" 17
"M:/Desktop/Submission 03 October/The Fall Game/Content/Mannequin/Character/Textures/UE4_Mannequin_MAT_MASKA.uasset" 18
"M:/Desktop/Submission 03 October/The Fall Game/Content/Mannequin/Character/Materials/M_UE4Man_Body.uasset" 19
"M:/Desktop/Submission 03 October/The Fall Game/Content/Mannequin/Character/Textures/UE4Man_Logo_N.uasset" 20
"M:/Desktop/Submission 03 October/The Fall Game/Content/Mannequin/Character/Materials/M_UE4Man_ChestLogo.uasset" 21
"M:/Desktop/Submission 03 October/The Fall Game/Content/Mannequin/Character/Mesh/SK_Mannequin_PhysicsAsset.uasset" 22
"M:/Desktop/Submission 03 October/The Fall Game/Content/Mannequin/Character/Mesh/SK_Mannequin.uasset" 23
"M:/Desktop/Submission 03 October/The Fall Game/Content/StarterContent/Materials/M_Basic_Wall.uasset" 24
"M:/Desktop/Submission 03 October/The Fall Game/Content/StarterContent/Architecture/Pillar_50x500.uasset" 25
"M:/Desktop/Submission 03 October/The Fall Game/Content/StarterContent/Architecture/Wall_400x300.uasset" 26
"M:/Desktop/Submission 03 October/The Fall Game/Content/StarterContent/Architecture/Wall_400x400.uasset" 27
"M:/Desktop/Submission 03 October/The Fall Game/Content/StarterContent/Architecture/Wall_500x500.uasset" 28
"M:/Desktop/Submission 03 October/The Fall Game/Content/StarterContent/Architecture/Wall_Door_400x400.uasset" 29
"M:/Desktop/Submission 03 October/The Fall Game/Content/StarterContent/Architecture/Wall_Window_400x400.uasset" 30
"M:/Desktop/Submission 03 October/The Fall Game/Content/StarterContent/Audio/Collapse01.uasset" 31
"M:/Desktop/Submission 03 October/The Fall Game/Content/StarterContent/Audio/Collapse02.uasset" 32
"M:/Desktop/Submission 03 October/The Fall Game/Content/StarterContent/Audio/Explosion01.uasset" 33
"M:/Desktop/Submission 03 October/The Fall Game/Content/StarterContent/Audio/Explosion02.uasset" 34
"M:/Desktop/Submission 03 October/The Fall Game/Content/StarterContent/Audio/Fire01.uasset" 35
"M:/Desktop/Submission 03 October/The Fall Game/Content/StarterContent/Audio/Fire_Sparks01.uasset" 36
"M:/Desktop/Submission 03 October/The Fall Game/Content/StarterContent/Audio/Light01.uasset" 37
"M:/Desktop/Submission 03 October/The Fall Game/Content/StarterContent/Audio/Light01_Cue.uasset" 38
"M:/Desktop/Submission 03 October/The Fall Game/Content/StarterContent/Audio/Light02.uasset" 39
"M:/Desktop/Submission 03 October/The Fall Game/Content/StarterContent/Audio/Light02_Cue.uasset" 40
"M:/Desktop/Submission 03 October/The Fall Game/Content/StarterContent/Audio/Smoke01.uasset" 41
"M:/Desktop/Submission 03 October/The Fall Game/Content/StarterContent/Audio/Starter_Birds01.uasset" 42
"M:/Desktop/Submission 03 October/The Fall Game/Content/StarterContent/Audio/Starter_Music01.uasset" 43
"M:/Desktop/Submission 03 October/The Fall Game/Content/StarterContent/Audio/Starter_Wind05.uasset" 44
"M:/Desktop/Submission 03 October/The Fall Game/Content/StarterContent/Audio/Starter_Wind06.uasset" 45
"M:/Desktop/Submission 03 October/The Fall Game/Content/StarterContent/Audio/Steam01.uasset" 46
"M:/Desktop/Submission 03 October/The Fall Game/Content/StarterContent/Audio/Explosion_Cue.uasset" 47
"M:/Desktop/Submission 03 October/The Fall Game/Content/StarterContent/Textures/T_Burst_M.uasset" 48
"M:/Desktop/Submission 03 October/The Fall Game/Content/StarterContent/Particles/Materials/M_Burst.uasset" 49
"M:/Desktop/Submission 03 October/The Fall Game/Content/StarterContent/Textures/T_Explosion_SubUV.uasset" 50
"M:/Desktop/Submission 03 October/The Fall Game/Content/StarterContent/Particles/Materials/M_explosion_subUV.uasset" 51
"M:/Desktop/Submission 03 October/The Fall Game/Content/StarterContent/Particles/Materials/m_flare_01.uasset" 52
"../../../Engine/Content/Functions/Engine_MaterialFunctions01/Gradient/RadialGradient.uasset" 53
"M:/Desktop/Submission 03 October/The Fall Game/Content/StarterContent/Particles/Materials/M_radial_ramp.uasset" 54
"M:/Desktop/Submission 03 October/The Fall Game/Content/StarterContent/Textures/T_Smoke_SubUV.uasset" 55
"M:/Desktop/Submission 03 October/The Fall Game/Content/StarterContent/Textures/T_Smoke_Tiled_D.uasset" 56
"M:/Desktop/Submission 03 October/The Fall Game/Content/StarterContent/Particles/Materials/M_smoke_subUV.uasset" 57
"M:/Desktop/Submission 03 October/The Fall Game/Content/StarterContent/Particles/P_Explosion.uasset" 58
"M:/Desktop/Submission 03 October/The Fall Game/Content/StarterContent/Blueprints/Blueprint_Effect_Explosion.uasset" 59
"../../../Engine/Content/EditorMeshes/ColorCalibrator/T_ColorGrid.uasset" 60
"M:/Desktop/Submission 03 October/The Fall Game/Content/StarterContent/Materials/M_ColorGrid_LowSpec.uasset" 61
"M:/Desktop/Submission 03 October/The Fall Game/Content/StarterContent/Textures/T_Bush_D.uasset" 62
"M:/Desktop/Submission 03 October/The Fall Game/Content/StarterContent/Textures/T_Bush_N.uasset" 63
"M:/Desktop/Submission 03 October/The Fall Game/Content/StarterContent/Props/Materials/M_Bush.uasset" 64
"M:/Desktop/Submission 03 October/The Fall Game/Content/StarterContent/Props/SM_Bush.uasset" 65
"M:/Desktop/Submission 03 October/The Fall Game/Content/StarterContent/Textures/T_Chair_M.uasset" 66
"M:/Desktop/Submission 03 October/The Fall Game/Content/StarterContent/Textures/T_Chair_N.uasset" 67
"M:/Desktop/Submission 03 October/The Fall Game/Content/StarterContent/Props/Materials/M_Chair.uasset" 68
"M:/Desktop/Submission 03 October/The Fall Game/Content/StarterContent/Props/SM_Couch.uasset" 69
"M:/Desktop/Submission 03 October/The Fall Game/Content/StarterContent/Materials/M_Glass.uasset" 70
"M:/Desktop/Submission 03 October/The Fall Game/Content/StarterContent/Textures/T_Door_M.uasset" 71
"M:/Desktop/Submission 03 October/The Fall Game/Content/StarterContent/Textures/T_Door_N.uasset" 72
"M:/Desktop/Submission 03 October/The Fall Game/Content/StarterContent/Props/Materials/M_Door.uasset" 73
"M:/Desktop/Submission 03 October/The Fall Game/Content/StarterContent/Props/SM_Door.uasset" 74
"M:/Desktop/Submission 03 October/The Fall Game/Content/StarterContent/Props/Materials/M_MaterialSphere.uasset" 75
"M:/Desktop/Submission 03 October/The Fall Game/Content/StarterContent/Props/Materials/M_MaterialSphere_Plain.uasset" 76
"M:/Desktop/Submission 03 October/The Fall Game/Content/StarterContent/Props/SM_MatPreviewMesh_02.uasset" 77
"M:/Desktop/Submission 03 October/The Fall Game/Content/StarterContent/Textures/T_Detail_Rocky_N.uasset" 78
"M:/Desktop/Submission 03 October/The Fall Game/Content/StarterContent/Textures/T_Rock_Basalt_D.uasset" 79
"M:/Desktop/Submission 03 October/The Fall Game/Content/StarterContent/Textures/T_RockMesh_M.uasset" 80
"M:/Desktop/Submission 03 October/The Fall Game/Content/StarterContent/Textures/T_RockMesh_N.uasset" 81
"M:/Desktop/Submission 03 October/The Fall Game/Content/StarterContent/Props/Materials/M_Rock.uasset" 82
"M:/Desktop/Submission 03 October/The Fall Game/Content/StarterContent/Props/SM_Rock.uasset" 83
"M:/Desktop/Submission 03 October/The Fall Game/Content/StarterContent/Textures/T_Shelf_M.uasset" 84
"M:/Desktop/Submission 03 October/The Fall Game/Content/StarterContent/Textures/T_Shelf_N.uasset" 85
"M:/Desktop/Submission 03 October/The Fall Game/Content/StarterContent/Props/Materials/M_Shelf.uasset" 86
"M:/Desktop/Submission 03 October/The Fall Game/Content/StarterContent/Props/SM_Shelf.uasset" 87
"M:/Desktop/Submission 03 October/The Fall Game/Content/StarterContent/Materials/M_Basic_Floor.uasset" 88
"M:/Desktop/Submission 03 October/The Fall Game/Content/StarterContent/Props/SM_Stairs.uasset" 89
"M:/Desktop/Submission 03 October/The Fall Game/Content/StarterContent/Shapes/Shape_Cone.uasset" 90
"M:/Desktop/Submission 03 October/The Fall Game/Content/StarterContent/Shapes/Shape_Cylinder.uasset" 91
"M:/Desktop/Submission 03 October/The Fall Game/Content/StarterContent/Shapes/Shape_NarrowCapsule.uasset" 92
"M:/Desktop/Submission 03 October/The Fall Game/Content/StarterContent/Shapes/Shape_Pipe.uasset" 93
"M:/Desktop/Submission 03 October/The Fall Game/Content/StarterContent/Shapes/Shape_Pipe_180.uasset" 94
"M:/Desktop/Submission 03 October/The Fall Game/Content/StarterContent/Shapes/Shape_Pipe_90.uasset" 95
"M:/Desktop/Submission 03 October/The Fall Game/Content/StarterContent/Shapes/Shape_Plane.uasset" 96
"M:/Desktop/Submission 03 October/The Fall Game/Content/StarterContent/Shapes/Shape_Torus.uasset" 97
"M:/Desktop/Submission 03 October/The Fall Game/Content/StarterContent/Shapes/Shape_Trim.uasset" 98
"M:/Desktop/Submission 03 October/The Fall Game/Content/StarterContent/Shapes/Shape_Trim_90_In.uasset" 99
"M:/Desktop/Submission 03 October/The Fall Game/Content/StarterContent/Shapes/Shape_Trim_90_Out.uasset" 100
"M:/Desktop/Submission 03 October/The Fall Game/Content/StarterContent/Shapes/Shape_TriPyramid.uasset" 101
"M:/Desktop/Submission 03 October/The Fall Game/Content/StarterContent/Shapes/Shape_Tube.uasset" 102
"M:/Desktop/Submission 03 October/The Fall Game/Content/StarterContent/Shapes/Shape_Wedge_A.uasset" 103
"M:/Desktop/Submission 03 October/The Fall Game/Content/StarterContent/Shapes/Shape_Wedge_B.uasset" 104
"M:/Desktop/Submission 03 October/The Fall Game/Content/StarterContent/Shapes/Shape_WideCapsule.uasset" 105
"M:/Desktop/Submission 03 October/The Fall Game/Content/Mannequin/Animations/ThirdPerson_Jump.uasset" 106
"M:/Desktop/Submission 03 October/The Fall Game/Content/Mannequin/Animations/ThirdPersonJump_Loop.uasset" 107
"M:/Desktop/Submission 03 October/The Fall Game/Content/Mannequin/Animations/ThirdPersonJump_Start.uasset" 108
"M:/Desktop/Submission 03 October/The Fall Game/Content/Mannequin/Animations/ThirdPersonIdle.uasset" 109
"M:/Desktop/Submission 03 October/The Fall Game/Content/Mannequin/Animations/ThirdPersonRun.uasset" 110
"M:/Desktop/Submission 03 October/The Fall Game/Content/Mannequin/Animations/ThirdPersonWalk.uasset" 111
"M:/Desktop/Submission 03 October/The Fall Game/Content/Mannequin/Animations/ThirdPerson_IdleRun_2D.uasset" 112
"../../../Engine/Content/EditorBlueprintResources/StandardMacros.uasset" 113
"M:/Desktop/Submission 03 October/The Fall Game/Content/Waiter/Waiter_Black_M.uasset" 114
"M:/Desktop/Submission 03 October/The Fall Game/Content/Waiter/Waiter_Skin_M.uasset" 115
"M:/Desktop/Submission 03 October/The Fall Game/Content/Waiter/Waiter_White_M.uasset" 116
"M:/Desktop/Submission 03 October/The Fall Game/Content/Waiter/Waiter_26092018_PhysicsAsset.uasset" 117
"M:/Desktop/Submission 03 October/The Fall Game/Content/Waiter/Waiter_26092018.uasset" 118
"M:/Desktop/Submission 03 October/The Fall Game/Content/Mannequin/Animations/ThirdPerson_AnimBP.uasset" 119
"M:/Desktop/Submission 03 October/The Fall Game/Content/Waiter_new/Waiter_Black_M.uasset" 120
"M:/Desktop/Submission 03 October/The Fall Game/Content/Waiter_new/Waiter_Skin_M.uasset" 121
"M:/Desktop/Submission 03 October/The Fall Game/Content/Waiter_new/Waiter_White_M.uasset" 122
"M:/Desktop/Submission 03 October/The Fall Game/Content/Waiter_new/Waiter_26092018_PhysicsAsset.uasset" 123
"M:/Desktop/Submission 03 October/The Fall Game/Content/Waiter_new/Waiter_26092018.uasset" 124
"M:/Desktop/Submission 03 October/The Fall Game/Content/ThirdPersonBP/Blueprints/ThirdPersonCharacter.uasset" 125
"M:/Desktop/Submission 03 October/The Fall Game/Content/ThirdPersonBP/Blueprints/ThirdPersonGameMode.uasset" 126
"../../../Engine/Content/Functions/Engine_MaterialFunctions01/Opacity/CameraDepthFade.uasset" 127
"../../../Engine/Content/EngineMaterials/T_Default_Material_Grid_M.uasset" 128
"../../../Engine/Content/EngineMaterials/T_Default_Material_Grid_N.uasset" 129
"../../../Engine/Content/EngineMaterials/WorldGridMaterial.uasset" 130
"../../../Engine/Content/ArtTools/RenderToTexture/Meshes/S_1_Unit_Plane.uasset" 131
"../../../Engine/Content/EngineMaterials/DefaultMaterial.uasset" 132
"../../../Engine/Content/BasicShapes/Cone.uasset" 133
"../../../Engine/Content/BasicShapes/Cube.uasset" 134
"../../../Engine/Content/BasicShapes/Cylinder.uasset" 135
"../../../Engine/Content/BasicShapes/Plane.uasset" 136
"../../../Engine/Content/BasicShapes/Sphere.uasset" 137
"../../../Engine/Content/EditorLandscapeResources/DataLayer.uasset" 138
"../../../Engine/Content/EditorMaterials/GizmoMaterial.uasset" 139
"../../../Engine/Content/EditorMaterials/MAT_Groups_Toggle.uasset" 140
"../../../Engine/Content/EditorMaterials/MAT_Groups_Visibility.uasset" 141
"../../../Engine/Content/EditorMaterials/PreviewShadowIndicator.uasset" 142
"../../../Engine/Content/EditorMaterials/PreviewShadowIndicatorMaterial.uasset" 143
"../../../Engine/Content/EditorMaterials/MatineeGroups/MAT_ColorTrack.uasset" 144
"../../../Engine/Content/EditorMaterials/MatineeGroups/MAT_Groups_Anim.uasset" 145
"../../../Engine/Content/EditorMaterials/MatineeGroups/MAT_Groups_AudioMaster.uasset" 146
"../../../Engine/Content/EditorMaterials/MatineeGroups/MAT_Groups_Director.uasset" 147
"../../../Engine/Content/EditorMaterials/MatineeGroups/MAT_Groups_Event.uasset" 148
"../../../Engine/Content/EditorMaterials/MatineeGroups/MAT_Groups_Fade.uasset" 149
"../../../Engine/Content/EditorMaterials/MatineeGroups/MAT_Groups_Float.uasset" 150
"../../../Engine/Content/EditorMaterials/MatineeGroups/MAT_Groups_Move.uasset" 151
"../../../Engine/Content/EditorMaterials/MatineeGroups/MAT_Groups_Slomo.uasset" 152
"../../../Engine/Content/EditorMaterials/MatineeGroups/MAT_Groups_Sound.uasset" 153
"../../../Engine/Content/EditorMaterials/MatineeGroups/MAT_Groups_Vector.uasset" 154
"../../../Engine/Content/EditorMaterials/ParticleSystems/PSysThumbnail_NoImage.uasset" 155
"../../../Engine/Content/EditorMaterials/ParticleSystems/PSysThumbnail_OOD.uasset" 156
"../../../Engine/Content/EditorMaterials/Camera/CineMat.uasset" 157
"../../../Engine/Content/EditorMaterials/Camera/MI_CineMat_Rig.uasset" 158
"../../../Engine/Content/EditorMeshes/Camera/SM_CraneRig_Arm.uasset" 159
"../../../Engine/Content/EditorMeshes/Camera/SM_CraneRig_Base.uasset" 160
"../../../Engine/Content/EditorMeshes/Camera/SM_CraneRig_Body.uasset" 161
"../../../Engine/Content/EditorMeshes/Camera/SM_CraneRig_Mount.uasset" 162
"../../../Engine/Content/EditorMeshes/Camera/SM_RailRig_Mount.uasset" 163
"../../../Engine/Content/EditorMeshes/Camera/SM_RailRig_Track.uasset" 164
"../../../Engine/Content/EditorResources/BSPVertex.uasset" 165
"../../../Engine/Content/EditorResources/EmptyActor.uasset" 166
"../../../Engine/Content/EditorResources/S_Actor.uasset" 167
"../../../Engine/Content/EditorResources/S_KBSJoint.uasset" 168
"../../../Engine/Content/EditorResources/S_Trigger.uasset" 169
"../../../Engine/Content/EditorResources/AudioIcons/S_AudioComponent.uasset" 170
"../../../Engine/Content/EditorResources/AudioIcons/S_AudioComponent_AutoActivate.uasset" 171
"../../../Engine/Content/EditorResources/LightIcons/S_LightError.uasset" 172
"../../../Engine/Content/EditorResources/SequenceRecorder/Countdown.uasset" 173
"../../../Engine/Content/EditorResources/SequenceRecorder/RecordingIndicator.uasset" 174
"../../../Engine/Content/EditorSounds/Notifications/CompileFailed.uasset" 175
"../../../Engine/Content/EditorSounds/Notifications/CompileFailed_Cue.uasset" 176
"../../../Engine/Content/EditorSounds/Notifications/CompileSuccess.uasset" 177
"../../../Engine/Content/EditorSounds/Notifications/CompileStart_Cue.uasset" 178
"../../../Engine/Content/EditorSounds/Notifications/CompileSuccess_Cue.uasset" 179
"../../../Engine/Content/EngineDamageTypes/DmgTypeBP_Environmental.uasset" 180
"../../../Engine/Content/EngineDebugMaterials/HeatmapGradient.uasset" 181
"../../../Engine/Content/EngineDebugMaterials/BoneWeightMaterial.uasset" 182
"../../../Engine/Content/EngineDebugMaterials/ClothMaterial.uasset" 183
"../../../Engine/Content/EngineDebugMaterials/ClothMaterial_WF.uasset" 184
"../../../Engine/Content/EngineDebugMaterials/DebugEditorMaterial.uasset" 185
"../../../Engine/Content/EngineDebugMaterials/DebugMeshMaterial.uasset" 186
"../../../Engine/Content/EngineDebugMaterials/GeomMaterial.uasset" 187
"../../../Engine/Content/EngineDebugMaterials/M_SimpleTranslucent.uasset" 188
"../../../Engine/Content/EngineFonts/Faces/RobotoBold.uasset" 189
"../../../Engine/Content/EngineFonts/Faces/RobotoBoldItalic.uasset" 190
"../../../Engine/Content/EngineFonts/Faces/RobotoItalic.uasset" 191
"../../../Engine/Content/EngineFonts/Faces/RobotoLight.uasset" 192
"../../../Engine/Content/EngineFonts/Faces/RobotoRegular.uasset" 193
"../../../Engine/Content/EngineFonts/Roboto.uasset" 194
"../../../Engine/Content/EngineFonts/Faces/RobotoTiny.uasset" 195
"../../../Engine/Content/EngineFonts/RobotoTiny.uasset" 196
"../../../Engine/Content/EngineMaterials/BaseFlattenDiffuseMap.uasset" 197
"../../../Engine/Content/EngineMaterials/BaseFlattenEmissiveMap.uasset" 198
"../../../Engine/Content/EngineMaterials/BaseFlattenGrayscaleMap.uasset" 199
"../../../Engine/Content/EngineMaterials/BaseFlattenNormalMap.uasset" 200
"../../../Engine/Content/EngineMaterials/BaseFlattenMaterial.uasset" 201
"../../../Engine/Content/EngineMaterials/DefaultBloomKernel.uasset" 202
"../../../Engine/Content/EngineMaterials/DefaultBokeh.uasset" 203
"../../../Engine/Content/EngineMaterials/DefaultDiffuse.uasset" 204
"../../../Engine/Content/EngineMaterials/DefaultDeferredDecalMaterial.uasset" 205
"../../../Engine/Content/EngineMaterials/DefaultLightFunctionMaterial.uasset" 206
"../../../Engine/Content/EngineMaterials/DefaultPhysicalMaterial.uasset" 207
"../../../Engine/Content/Functions/Engine_MaterialFunctions02/Utility/BreakOutFloat2Components.uasset" 208
"../../../Engine/Content/EngineMaterials/DefaultPostProcessMaterial.uasset" 209
"../../../Engine/Content/EngineFonts/RobotoDistanceField.uasset" 210
"../../../Engine/Content/EngineMaterials/DefaultTextMaterialOpaque.uasset" 211
"../../../Engine/Content/EngineMaterials/DefaultWhiteGrid.uasset" 212
"../../../Engine/Content/EngineMaterials/EditorBrushMaterial.uasset" 213
"../../../Engine/Content/EngineMaterials/Good64x64TilingNoiseHighFreq.uasset" 214
"../../../Engine/Content/EngineMaterials/MiniFont.uasset" 215
"../../../Engine/Content/EngineMaterials/InvalidLightmapSettings.uasset" 216
"../../../Engine/Content/EngineMaterials/M_InvalidLightmapSettings.uasset" 217
"../../../Engine/Content/Functions/Engine_MaterialFunctions02/WorldPositionOffset/CameraOffset.uasset" 218
"../../../Engine/Content/EngineMaterials/PhAT_JointLimitMaterial.uasset" 219
"../../../Engine/Content/EngineMaterials/PreintegratedSkinBRDF.uasset" 220
"../../../Engine/Content/EngineMaterials/RemoveSurfaceMaterial.uasset" 221
"../../../Engine/Content/EngineMaterials/WeightMapPlaceholderTexture.uasset" 222
"../../../Engine/Content/EngineResources/WhiteSquareTexture.uasset" 223
"../../../Engine/Content/EngineMaterials/Widget3DPassThrough.uasset" 224
"../../../Engine/Content/EngineMaterials/Widget3DPassThrough_Masked.uasset" 225
"../../../Engine/Content/EngineMaterials/Widget3DPassThrough_Opaque.uasset" 226
"../../../Engine/Content/EngineMaterials/Widget3DPassThrough_Masked_OneSided.uasset" 227
"../../../Engine/Content/EngineMaterials/Widget3DPassThrough_Opaque_OneSided.uasset" 228
"../../../Engine/Content/EngineMaterials/Widget3DPassThrough_Translucent.uasset" 229
"../../../Engine/Content/EngineMaterials/Widget3DPassThrough_Translucent_OneSided.uasset" 230
"../../../Engine/Content/EngineMeshes/Cylinder.uasset" 231
"../../../Engine/Content/EngineMeshes/Sphere.uasset" 232
"../../../Engine/Content/EngineResources/Black.uasset" 233
"../../../Engine/Content/EngineResources/DefaultTexture.uasset" 234
"../../../Engine/Content/EngineResources/DefaultTextureCube.uasset" 235
"../../../Engine/Content/EngineResources/DefaultVolumeTexture2D.uasset" 236
"../../../Engine/Content/EngineResources/DefaultVolumeTexture.uasset" 237
"../../../Engine/Content/EngineResources/GradientTexture0.uasset" 238
"../../../Engine/Content/EngineSounds/Master.uasset" 239
"../../../Engine/Content/Functions/Engine_MaterialFunctions01/Shading/ConvertFromDiffSpec.uasset" 240
"../../../Engine/Content/Functions/Engine_MaterialFunctions01/Shading/PowerToRoughness.uasset" 241
"../../../Engine/Content/Maps/Templates/Thumbnails/Default.uasset" 242
"../../../Engine/Content/Maps/Templates/Thumbnails/VR-Basic.uasset" 243
"../../../Engine/Content/MobileResources/T_MobileControls_texture.uasset" 244
"../../../Engine/Content/MobileResources/T_MobileMenu2.uasset" 245
"../../../Engine/Content/MobileResources/HUD/AnalogHat.uasset" 246
"../../../Engine/Content/MobileResources/HUD/VirtualJoystick_Background.uasset" 247
"../../../Engine/Content/MobileResources/HUD/VirtualJoystick_Thumb.uasset" 248
"../../../Engine/Content/MobileResources/HUD/DefaultVirtualJoysticks.uasset" 249
"../../../Engine/Content/MobileResources/HUD/LeftVirtualJoystickOnly.uasset" 250
"../../../Engine/Content/MobileResources/HUD/MobileHUDButton1_off.uasset" 251
"../../../Engine/Content/MobileResources/HUD/MobileHUDButton1_on.uasset" 252
"../../../Engine/Content/MobileResources/HUD/MobileHUDButton2_off.uasset" 253
"../../../Engine/Content/MobileResources/HUD/MobileHUDButton2_on.uasset" 254
"../../../Engine/Content/MobileResources/HUD/MobileHUDButton3.uasset" 255
"../../../Engine/Content/MobileResources/HUD/MobileHUDButtonFire.uasset" 256
"../../../Engine/Content/MobileResources/HUD/MobileHUDDirectionPad.uasset" 257
"../../../Engine/Content/MobileResources/HUD/MobileHUDDirectionPad2.uasset" 258
"../../../Engine/Content/MobileResources/HUD/MobileHUDDirectionPad3.uasset" 259
"../../../Engine/Content/MobileResources/HUD/MobileHUDDirectionStick.uasset" 260
"../../../Engine/Content/MobileResources/HUD/T_Castle_ThumbstickInner.uasset" 261
"../../../Engine/Content/MobileResources/HUD/T_Castle_ThumbstickOutter.uasset" 262
"../../../Engine/Content/Tutorial/ContentIntroCurve.uasset" 263
"../../../Engine/Content/Tutorial/Basics/TutorialAssets/icon_tab_Levels_40x.uasset" 264
"../../../Engine/Content/Tutorial/BlueprintTutorials/TutorialAssets/Blueprint_64x.uasset" 265
"../../../Engine/Content/Tutorial/SubEditors/TutorialAssets/TutorialMaterial.uasset" 266
"../../../Engine/Content/VREditor/LaserPointer/VR_LaserPower_01.uasset" 267
"../../../Engine/Content/VREditor/TransformGizmo/TransformGizmoMaterial.uasset" 268
"../../../Engine/Content/VREditor/TransformGizmo/TranslucentTransformGizmoMaterial.uasset" 269
"../../../Engine/Content/VREditor/TransformGizmo/BoundingBoxCorner.uasset" 270
"../../../Engine/Content/VREditor/TransformGizmo/BoundingBoxEdge.uasset" 271
"../../../Engine/Content/VREditor/TransformGizmo/PlaneTranslationHandle.uasset" 272
"../../../Engine/Content/VREditor/TransformGizmo/Main.uasset" 273
"../../../Engine/Content/VREditor/TransformGizmo/Xray.uasset" 274
"../../../Engine/Content/VREditor/TransformGizmo/SM_Sequencer_Key.uasset" 275
"../../../Engine/Content/VREditor/TransformGizmo/SM_Sequencer_Node.uasset" 276
"../../Plugins/2D/Paper2D/Content/PlaceholderTextures/DummySpriteTexture.uasset" 277
"../../Plugins/2D/Paper2D/Content/DummySprite.uasset" 278
"../../Plugins/2D/Paper2D/Content/DefaultPaperTerrainMaterial.uasset" 279
"../../Plugins/2D/Paper2D/Content/DefaultSpriteMaterial.uasset" 280
"../../Plugins/2D/Paper2D/Content/MaskedUnlitSpriteMaterial.uasset" 281
"../../Plugins/2D/Paper2D/Content/OpaqueUnlitSpriteMaterial.uasset" 282
"../../Plugins/Runtime/Oculus/OculusVR/Content/Materials/PokeAHoleMaterial.uasset" 283
"../../Plugins/Runtime/Oculus/OculusVR/Content/Textures/GearVRController_AO.uasset" 284
"../../Plugins/Runtime/Oculus/OculusVR/Content/Textures/GearVRController_Color.uasset" 285
"../../Plugins/Runtime/Oculus/OculusVR/Content/Textures/GearVRController_Normal.uasset" 286
"../../Plugins/Runtime/Oculus/OculusVR/Content/Materials/GearVRControllerMaterial.uasset" 287
"../../Plugins/Runtime/Oculus/OculusVR/Content/Meshes/GearVrController.uasset" 288
"../../Plugins/Runtime/Oculus/OculusVR/Content/Textures/touchController_albedo.uasset" 289
"../../Plugins/Runtime/Oculus/OculusVR/Content/Textures/touchController_controlmap.uasset" 290
"../../Plugins/Runtime/Oculus/OculusVR/Content/Materials/touchController_mat.uasset" 291
"../../Plugins/Runtime/Oculus/OculusVR/Content/Meshes/LeftTouchController.uasset" 292
"../../Plugins/Runtime/Oculus/OculusVR/Content/Meshes/RiftHMD.uasset" 293
"../../Plugins/Runtime/Oculus/OculusVR/Content/Meshes/RightTouchController.uasset" 294
"../../../Engine/Content/EngineSky/C_Sky_Cloud_Color.uasset" 295
"../../../Engine/Content/EngineSky/C_Sky_Horizon_Color.uasset" 296
"../../../Engine/Content/EngineSky/C_Sky_Zenith_Color.uasset" 297
"../../../Engine/Content/EngineSky/T_Sky_Blue.uasset" 298
"../../../Engine/Content/EngineSky/T_Sky_Clouds_M.uasset" 299
"../../../Engine/Content/EngineSky/T_Sky_Stars.uasset" 300
"../../../Engine/Content/EngineSky/M_Sky_Panning_Clouds2.uasset" 301
"../../../Engine/Content/EngineSky/SM_SkySphere.uasset" 302
"../../../Engine/Content/EngineSky/BP_Sky_Sphere.uasset" 303
"M:/Desktop/Submission 03 October/The Fall Game/Content/D0ge/Blueprint/BP_Spawner.uasset" 304
"M:/Desktop/Submission 03 October/The Fall Game/Content/StarterContent/Shapes/Shape_Cube.uasset" 305
"M:/Desktop/Submission 03 October/The Fall Game/Content/D0ge/Blueprint/BP_Table.uasset" 306
"M:/Desktop/Submission 03 October/The Fall Game/Content/D0ge/Level/SpawnerTest_BuiltData.uasset" 307
"../../../Engine/Content/MapTemplates/SM_Template_Map_Floor.uasset" 308
"M:/Desktop/Submission 03 October/The Fall Game/Content/D0ge/Level/SpawnerTest.umap" 309
"M:/Desktop/Submission 03 October/The Fall Game/Content/StarterContent/Blueprints/Assets/FogBrightnessLUT.uasset" 310
"M:/Desktop/Submission 03 October/The Fall Game/Content/StarterContent/Blueprints/Assets/SunlightColorLUT.uasset" 311
"M:/Desktop/Submission 03 October/The Fall Game/Content/StarterContent/Blueprints/Assets/M_LightStage_Arrows.uasset" 312
"../../../Engine/Content/MapTemplates/Sky/DaylightAmbientCubemap.uasset" 313
"M:/Desktop/Submission 03 October/The Fall Game/Content/StarterContent/Blueprints/Assets/M_LightStage_Skybox_Master.uasset" 314
"M:/Desktop/Submission 03 October/The Fall Game/Content/StarterContent/Blueprints/Assets/M_LightStage_Skybox_Black.uasset" 315
"M:/Desktop/Submission 03 October/The Fall Game/Content/StarterContent/Blueprints/Assets/M_LightStage_Skybox_HDRI.uasset" 316
"../../../Engine/Content/EditorMaterials/Thumbnails/SkySphereMaterial.uasset" 317
"M:/Desktop/Submission 03 October/The Fall Game/Content/StarterContent/Blueprints/Assets/Skybox.uasset" 318
"M:/Desktop/Submission 03 October/The Fall Game/Content/StarterContent/Blueprints/Assets/SM_Arrows.uasset" 319
"M:/Desktop/Submission 03 October/The Fall Game/Content/StarterContent/HDRI/HDRI_Epic_Courtyard_Daylight.uasset" 320
"M:/Desktop/Submission 03 October/The Fall Game/Content/StarterContent/Blueprints/BP_LightStudio.uasset" 321
"M:/Desktop/Submission 03 October/The Fall Game/Content/StarterContent/Maps/Advanced_Lighting_BuiltData.uasset" 322
"M:/Desktop/Submission 03 October/The Fall Game/Content/StarterContent/Materials/M_AssetPlatform.uasset" 323
"../../../Engine/Content/EditorMeshes/ColorCalibrator/M_ChromeBall.uasset" 324
"../../../Engine/Content/EditorMeshes/ColorCalibrator/M_ClearCoat.uasset" 325
"../../../Engine/Content/EditorMeshes/ColorCalibrator/M_ClearCoatBlack.uasset" 326
"../../../Engine/Content/EditorMeshes/ColorCalibrator/Color_checker.uasset" 327
"../../../Engine/Content/EditorMeshes/ColorCalibrator/M_ColorGrid.uasset" 328
"../../../Engine/Content/EditorMeshes/ColorCalibrator/M_GreyBall.uasset" 329
"../../../Engine/Content/EditorMeshes/ColorCalibrator/SM_ColorCalibrator.uasset" 330
"M:/Desktop/Submission 03 October/The Fall Game/Content/StarterContent/Architecture/SM_AssetPlatform.uasset" 331
"M:/Desktop/Submission 03 October/The Fall Game/Content/StarterContent/Maps/Advanced_Lighting.umap" 332
"M:/Desktop/Submission 03 October/The Fall Game/Content/StarterContent/Maps/Minimal_Default_BuiltData.uasset" 333
"M:/Desktop/Submission 03 October/The Fall Game/Content/StarterContent/Textures/T_MacroVariation.uasset" 334
"M:/Desktop/Submission 03 October/The Fall Game/Content/StarterContent/Materials/M_Metal_Brushed_Nickel.uasset" 335
"M:/Desktop/Submission 03 October/The Fall Game/Content/StarterContent/Textures/T_Metal_Aluminum_D.uasset" 336
"M:/Desktop/Submission 03 October/The Fall Game/Content/StarterContent/Textures/T_Metal_Gold_N.uasset" 337
"M:/Desktop/Submission 03 October/The Fall Game/Content/StarterContent/Materials/M_Metal_Burnished_Steel.uasset" 338
"M:/Desktop/Submission 03 October/The Fall Game/Content/StarterContent/Textures/T_Metal_Copper_D.uasset" 339
"M:/Desktop/Submission 03 October/The Fall Game/Content/StarterContent/Materials/M_Metal_Copper.uasset" 340
"M:/Desktop/Submission 03 October/The Fall Game/Content/StarterContent/Textures/T_Statue_M.uasset" 341
"M:/Desktop/Submission 03 October/The Fall Game/Content/StarterContent/Textures/T_Statue_N.uasset" 342
"M:/Desktop/Submission 03 October/The Fall Game/Content/StarterContent/Props/Materials/M_StatueGlass.uasset" 343
"M:/Desktop/Submission 03 October/The Fall Game/Content/StarterContent/Architecture/Floor_400x400.uasset" 344
"M:/Desktop/Submission 03 October/The Fall Game/Content/StarterContent/Audio/Starter_Background_Cue.uasset" 345
"M:/Desktop/Submission 03 October/The Fall Game/Content/StarterContent/Props/SM_Chair.uasset" 346
"M:/Desktop/Submission 03 October/The Fall Game/Content/StarterContent/Props/Materials/M_Statue.uasset" 347
"M:/Desktop/Submission 03 October/The Fall Game/Content/StarterContent/Props/SM_Statue.uasset" 348
"M:/Desktop/Submission 03 October/The Fall Game/Content/StarterContent/Textures/T_TableRound_M.uasset" 349
"M:/Desktop/Submission 03 October/The Fall Game/Content/StarterContent/Textures/T_TableRound_N.uasset" 350
"M:/Desktop/Submission 03 October/The Fall Game/Content/StarterContent/Props/Materials/M_TableRound.uasset" 351
"M:/Desktop/Submission 03 October/The Fall Game/Content/StarterContent/Props/SM_TableRound.uasset" 352
"M:/Desktop/Submission 03 October/The Fall Game/Content/StarterContent/Maps/Minimal_Default.umap" 353
"M:/Desktop/Submission 03 October/The Fall Game/Content/StarterContent/Audio/Fire01_Cue.uasset" 354
"M:/Desktop/Submission 03 October/The Fall Game/Content/StarterContent/Textures/T_Fire_SubUV.uasset" 355
"M:/Desktop/Submission 03 October/The Fall Game/Content/StarterContent/Textures/T_Fire_Tiled_D.uasset" 356
"M:/Desktop/Submission 03 October/The Fall Game/Content/StarterContent/Particles/Materials/M_Fire_SubUV.uasset" 357
"M:/Desktop/Submission 03 October/The Fall Game/Content/StarterContent/Textures/T_Water_N.uasset" 358
"M:/Desktop/Submission 03 October/The Fall Game/Content/StarterContent/Particles/Materials/M_Heat_Distortion.uasset" 359
"M:/Desktop/Submission 03 October/The Fall Game/Content/StarterContent/Particles/Materials/M_Radial_Gradient.uasset" 360
"M:/Desktop/Submission 03 October/The Fall Game/Content/StarterContent/Particles/P_Fire.uasset" 361
"M:/Desktop/Submission 03 October/The Fall Game/Content/StarterContent/Blueprints/Blueprint_Effect_Fire.uasset" 362
"M:/Desktop/Submission 03 October/The Fall Game/Content/StarterContent/Audio/Smoke01_Cue.uasset" 363
"M:/Desktop/Submission 03 October/The Fall Game/Content/StarterContent/Particles/P_Smoke.uasset" 364
"M:/Desktop/Submission 03 October/The Fall Game/Content/StarterContent/Blueprints/Blueprint_Effect_Smoke.uasset" 365
"M:/Desktop/Submission 03 October/The Fall Game/Content/StarterContent/Audio/Fire_Sparks01_Cue.uasset" 366
"M:/Desktop/Submission 03 October/The Fall Game/Content/StarterContent/Textures/T_Spark_Core.uasset" 367
"M:/Desktop/Submission 03 October/The Fall Game/Content/StarterContent/Particles/Materials/M_Spark.uasset" 368
"M:/Desktop/Submission 03 October/The Fall Game/Content/StarterContent/Particles/P_Sparks.uasset" 369
"M:/Desktop/Submission 03 October/The Fall Game/Content/StarterContent/Blueprints/Blueprint_Effect_Sparks.uasset" 370
"M:/Desktop/Submission 03 October/The Fall Game/Content/StarterContent/Audio/Steam01_Cue.uasset" 371
"M:/Desktop/Submission 03 October/The Fall Game/Content/StarterContent/Particles/P_Steam_Lit.uasset" 372
"M:/Desktop/Submission 03 October/The Fall Game/Content/StarterContent/Blueprints/Blueprint_Effect_Steam.uasset" 373
"M:/Desktop/Submission 03 October/The Fall Game/Content/StarterContent/Textures/T_Lamp_M.uasset" 374
"M:/Desktop/Submission 03 October/The Fall Game/Content/StarterContent/Textures/T_Lamp_N.uasset" 375
"M:/Desktop/Submission 03 October/The Fall Game/Content/StarterContent/Props/Materials/M_Lamp.uasset" 376
"M:/Desktop/Submission 03 October/The Fall Game/Content/StarterContent/Props/SM_Lamp_Ceiling.uasset" 377
"M:/Desktop/Submission 03 October/The Fall Game/Content/StarterContent/Blueprints/Blueprint_CeilingLight.uasset" 378
"M:/Desktop/Submission 03 October/The Fall Game/Content/StarterContent/Props/SM_Lamp_Wall.uasset" 379
"M:/Desktop/Submission 03 October/The Fall Game/Content/StarterContent/Blueprints/Blueprint_WallSconce.uasset" 380
"M:/Desktop/Submission 03 October/The Fall Game/Content/StarterContent/Maps/StarterMap_BuiltData.uasset" 381
"../../../Engine/Content/Functions/Engine_MaterialFunctions03/Procedurals/ComputeFilterWidth.uasset" 382
"../../../Engine/Content/EngineMaterials/AntiAliasedTextMaterialTranslucent.uasset" 383
"M:/Desktop/Submission 03 October/The Fall Game/Content/StarterContent/Textures/T_Brick_Clay_Beveled_D.uasset" 384
"M:/Desktop/Submission 03 October/The Fall Game/Content/StarterContent/Textures/T_Brick_Clay_Beveled_M.uasset" 385
"M:/Desktop/Submission 03 October/The Fall Game/Content/StarterContent/Textures/T_Brick_Clay_Beveled_N.uasset" 386
"M:/Desktop/Submission 03 October/The Fall Game/Content/StarterContent/Materials/M_Brick_Clay_Beveled.uasset" 387
"M:/Desktop/Submission 03 October/The Fall Game/Content/StarterContent/Textures/T_Brick_Clay_New_D.uasset" 388
"M:/Desktop/Submission 03 October/The Fall Game/Content/StarterContent/Textures/T_Brick_Clay_New_M.uasset" 389
"M:/Desktop/Submission 03 October/The Fall Game/Content/StarterContent/Textures/T_Brick_Clay_New_N.uasset" 390
"M:/Desktop/Submission 03 October/The Fall Game/Content/StarterContent/Materials/M_Brick_Clay_New.uasset" 391
"M:/Desktop/Submission 03 October/The Fall Game/Content/StarterContent/Textures/T_Brick_Clay_Old_D.uasset" 392
"M:/Desktop/Submission 03 October/The Fall Game/Content/StarterContent/Textures/T_Brick_Clay_Old_N.uasset" 393
"M:/Desktop/Submission 03 October/The Fall Game/Content/StarterContent/Textures/T_Perlin_Noise_M.uasset" 394
"M:/Desktop/Submission 03 October/The Fall Game/Content/StarterContent/Materials/M_Brick_Clay_Old.uasset" 395
"M:/Desktop/Submission 03 October/The Fall Game/Content/StarterContent/Textures/T_Brick_Cut_Stone_D.uasset" 396
"M:/Desktop/Submission 03 October/The Fall Game/Content/StarterContent/Textures/T_Brick_Cut_Stone_N.uasset" 397
"M:/Desktop/Submission 03 October/The Fall Game/Content/StarterContent/Materials/M_Brick_Cut_Stone.uasset" 398
"M:/Desktop/Submission 03 October/The Fall Game/Content/StarterContent/Textures/T_Brick_Hewn_Stone_D.uasset" 399
"M:/Desktop/Submission 03 October/The Fall Game/Content/StarterContent/Textures/T_Brick_Hewn_Stone_M.uasset" 400
"M:/Desktop/Submission 03 October/The Fall Game/Content/StarterContent/Textures/T_Brick_Hewn_Stone_N.uasset" 401
"M:/Desktop/Submission 03 October/The Fall Game/Content/StarterContent/Materials/M_Brick_Hewn_Stone.uasset" 402
"M:/Desktop/Submission 03 October/The Fall Game/Content/StarterContent/Textures/T_Ceramic_Tile_M.uasset" 403
"M:/Desktop/Submission 03 October/The Fall Game/Content/StarterContent/Textures/T_Ceramic_Tile_N.uasset" 404
"M:/Desktop/Submission 03 October/The Fall Game/Content/StarterContent/Textures/T_Rock_Marble_Polished_D.uasset" 405
"M:/Desktop/Submission 03 October/The Fall Game/Content/StarterContent/Materials/M_Ceramic_Tile_Checker.uasset" 406
"M:/Desktop/Submission 03 October/The Fall Game/Content/StarterContent/Textures/T_CobbleStone_Pebble_D.uasset" 407
"M:/Desktop/Submission 03 October/The Fall Game/Content/StarterContent/Textures/T_CobbleStone_Pebble_M.uasset" 408
"M:/Desktop/Submission 03 October/The Fall Game/Content/StarterContent/Textures/T_CobbleStone_Pebble_N.uasset" 409
"M:/Desktop/Submission 03 October/The Fall Game/Content/StarterContent/Materials/M_CobbleStone_Pebble.uasset" 410
"M:/Desktop/Submission 03 October/The Fall Game/Content/StarterContent/Textures/T_CobbleStone_Rough_D.uasset" 411
"M:/Desktop/Submission 03 October/The Fall Game/Content/StarterContent/Textures/T_CobbleStone_Rough_N.uasset" 412
"M:/Desktop/Submission 03 October/The Fall Game/Content/StarterContent/Textures/T_Gradinet_01.uasset" 413
"M:/Desktop/Submission 03 October/The Fall Game/Content/StarterContent/Textures/T_Rock_Smooth_Granite_D.uasset" 414
"M:/Desktop/Submission 03 October/The Fall Game/Content/StarterContent/Materials/M_CobbleStone_Rough.uasset" 415
"M:/Desktop/Submission 03 October/The Fall Game/Content/StarterContent/Textures/T_CobbleStone_Smooth_D.uasset" 416
"M:/Desktop/Submission 03 October/The Fall Game/Content/StarterContent/Textures/T_CobbleStone_Smooth_M.uasset" 417
"M:/Desktop/Submission 03 October/The Fall Game/Content/StarterContent/Textures/T_CobbleStone_Smooth_N.uasset" 418
"M:/Desktop/Submission 03 October/The Fall Game/Content/StarterContent/Materials/M_CobbleStone_Smooth.uasset" 419
"M:/Desktop/Submission 03 October/The Fall Game/Content/StarterContent/Textures/T_Concrete_Grime_D.uasset" 420
"M:/Desktop/Submission 03 October/The Fall Game/Content/StarterContent/Textures/T_Metal_Rust_N.uasset" 421
"M:/Desktop/Submission 03 October/The Fall Game/Content/StarterContent/Materials/M_Concrete_Grime.uasset" 422
"M:/Desktop/Submission 03 October/The Fall Game/Content/StarterContent/Textures/T_Concrete_Panels_D.uasset" 423
"M:/Desktop/Submission 03 October/The Fall Game/Content/StarterContent/Textures/T_Concrete_Panels_N.uasset" 424
"M:/Desktop/Submission 03 October/The Fall Game/Content/StarterContent/Materials/M_Concrete_Panels.uasset" 425
"M:/Desktop/Submission 03 October/The Fall Game/Content/StarterContent/Textures/T_Concrete_Poured_D.uasset" 426
"M:/Desktop/Submission 03 October/The Fall Game/Content/StarterContent/Textures/T_Concrete_Poured_N.uasset" 427
"M:/Desktop/Submission 03 October/The Fall Game/Content/StarterContent/Materials/M_Concrete_Poured.uasset" 428
"M:/Desktop/Submission 03 October/The Fall Game/Content/StarterContent/Textures/T_Concrete_Tiles_D.uasset" 429
"M:/Desktop/Submission 03 October/The Fall Game/Content/StarterContent/Textures/T_Concrete_Tiles_M.uasset" 430
"M:/Desktop/Submission 03 October/The Fall Game/Content/StarterContent/Textures/T_Concrete_Tiles_N.uasset" 431
"M:/Desktop/Submission 03 October/The Fall Game/Content/StarterContent/Textures/T_Concrete_Tiles_Variation_M.uasset" 432
"M:/Desktop/Submission 03 October/The Fall Game/Content/StarterContent/Materials/M_Concrete_Tiles.uasset" 433
"M:/Desktop/Submission 03 October/The Fall Game/Content/StarterContent/Textures/T_Ground_Grass_D.uasset" 434
"M:/Desktop/Submission 03 October/The Fall Game/Content/StarterContent/Textures/T_Ground_Grass_N.uasset" 435
"M:/Desktop/Submission 03 October/The Fall Game/Content/StarterContent/Materials/M_Ground_Grass.uasset" 436
"M:/Desktop/Submission 03 October/The Fall Game/Content/StarterContent/Textures/T_Ground_Gravel_D.uasset" 437
"M:/Desktop/Submission 03 October/The Fall Game/Content/StarterContent/Textures/T_Ground_Gravel_N.uasset" 438
"M:/Desktop/Submission 03 October/The Fall Game/Content/StarterContent/Materials/M_Ground_Gravel.uasset" 439
"M:/Desktop/Submission 03 October/The Fall Game/Content/StarterContent/Textures/T_ground_Moss_D.uasset" 440
"M:/Desktop/Submission 03 October/The Fall Game/Content/StarterContent/Textures/T_Ground_Moss_N.uasset" 441
"M:/Desktop/Submission 03 October/The Fall Game/Content/StarterContent/Materials/M_Ground_Moss.uasset" 442
"M:/Desktop/Submission 03 October/The Fall Game/Content/StarterContent/Materials/M_Metal_Chrome.uasset" 443
"M:/Desktop/Submission 03 October/The Fall Game/Content/StarterContent/Textures/T_Metal_Gold_D.uasset" 444
"M:/Desktop/Submission 03 October/The Fall Game/Content/StarterContent/Materials/M_Metal_Gold.uasset" 445
"M:/Desktop/Submission 03 October/The Fall Game/Content/StarterContent/Textures/T_Metal_Rust_D.uasset" 446
"M:/Desktop/Submission 03 October/The Fall Game/Content/StarterContent/Materials/M_Metal_Rust.uasset" 447
"M:/Desktop/Submission 03 October/The Fall Game/Content/StarterContent/Textures/T_Metal_Steel_D.uasset" 448
"M:/Desktop/Submission 03 October/The Fall Game/Content/StarterContent/Textures/T_Metal_Steel_N.uasset" 449
"M:/Desktop/Submission 03 October/The Fall Game/Content/StarterContent/Materials/M_Metal_Steel.uasset" 450
"M:/Desktop/Submission 03 October/The Fall Game/Content/StarterContent/Textures/T_Rock_Basalt_N.uasset" 451
"M:/Desktop/Submission 03 October/The Fall Game/Content/StarterContent/Materials/M_Rock_Basalt.uasset" 452
"M:/Desktop/Submission 03 October/The Fall Game/Content/StarterContent/Materials/M_Rock_Marble_Polished.uasset" 453
"M:/Desktop/Submission 03 October/The Fall Game/Content/StarterContent/Textures/T_Rock_Sandstone_D.uasset" 454
"M:/Desktop/Submission 03 October/The Fall Game/Content/StarterContent/Textures/T_Rock_Sandstone_N.uasset" 455
"M:/Desktop/Submission 03 October/The Fall Game/Content/StarterContent/Materials/M_Rock_Sandstone.uasset" 456
"M:/Desktop/Submission 03 October/The Fall Game/Content/StarterContent/Textures/T_Rock_Slate_D.uasset" 457
"M:/Desktop/Submission 03 October/The Fall Game/Content/StarterContent/Textures/T_Rock_Slate_N.uasset" 458
"M:/Desktop/Submission 03 October/The Fall Game/Content/StarterContent/Materials/M_Rock_Slate.uasset" 459
"M:/Desktop/Submission 03 October/The Fall Game/Content/StarterContent/Textures/T_Checker_Noise_M.uasset" 460
"M:/Desktop/Submission 03 October/The Fall Game/Content/StarterContent/Textures/T_Single_Tile_N.uasset" 461
"M:/Desktop/Submission 03 October/The Fall Game/Content/StarterContent/Textures/T_Tech_Dot_M.uasset" 462
"M:/Desktop/Submission 03 October/The Fall Game/Content/StarterContent/Textures/T_Tech_Dot_N.uasset" 463
"M:/Desktop/Submission 03 October/The Fall Game/Content/StarterContent/Materials/M_Tech_Checker_Dot.uasset" 464
"M:/Desktop/Submission 03 October/The Fall Game/Content/StarterContent/Textures/T_Tech_Hex_Tile_M.uasset" 465
"M:/Desktop/Submission 03 October/The Fall Game/Content/StarterContent/Textures/T_Tech_Hex_Tile_N.uasset" 466
"M:/Desktop/Submission 03 October/The Fall Game/Content/StarterContent/Materials/M_Tech_Hex_Tile.uasset" 467
"M:/Desktop/Submission 03 October/The Fall Game/Content/StarterContent/Materials/M_Tech_Hex_Tile_Pulse.uasset" 468
"M:/Desktop/Submission 03 October/The Fall Game/Content/StarterContent/Textures/T_Tech_Panel_M.uasset" 469
"M:/Desktop/Submission 03 October/The Fall Game/Content/StarterContent/Textures/T_Tech_Panel_N.uasset" 470
"M:/Desktop/Submission 03 October/The Fall Game/Content/StarterContent/Materials/M_Tech_Panel.uasset" 471
"M:/Desktop/Submission 03 October/The Fall Game/Content/StarterContent/Materials/M_Water_Lake.uasset" 472
"M:/Desktop/Submission 03 October/The Fall Game/Content/StarterContent/Textures/T_Water_M.uasset" 473
"M:/Desktop/Submission 03 October/The Fall Game/Content/StarterContent/Materials/M_Water_Ocean.uasset" 474
"M:/Desktop/Submission 03 October/The Fall Game/Content/StarterContent/Textures/T_Wood_Floor_Walnut_D.uasset" 475
"M:/Desktop/Submission 03 October/The Fall Game/Content/StarterContent/Textures/T_Wood_Floor_Walnut_M.uasset" 476
"M:/Desktop/Submission 03 October/The Fall Game/Content/StarterContent/Textures/T_Wood_Floor_Walnut_N.uasset" 477
"M:/Desktop/Submission 03 October/The Fall Game/Content/StarterContent/Materials/M_Wood_Floor_Walnut_Polished.uasset" 478
"../../../Engine/Content/Functions/Engine_MaterialFunctions01/Opacity/AlphaOffset.uasset" 479
"M:/Desktop/Submission 03 October/The Fall Game/Content/StarterContent/Materials/M_Wood_Floor_Walnut_Worn.uasset" 480
"M:/Desktop/Submission 03 October/The Fall Game/Content/StarterContent/Textures/T_Wood_Oak_D.uasset" 481
"M:/Desktop/Submission 03 October/The Fall Game/Content/StarterContent/Textures/T_Wood_Oak_N.uasset" 482
"M:/Desktop/Submission 03 October/The Fall Game/Content/StarterContent/Materials/M_Wood_Oak.uasset" 483
"M:/Desktop/Submission 03 October/The Fall Game/Content/StarterContent/Textures/T_Wood_Pine_D.uasset" 484
"M:/Desktop/Submission 03 October/The Fall Game/Content/StarterContent/Textures/T_Wood_Pine_N.uasset" 485
"M:/Desktop/Submission 03 October/The Fall Game/Content/StarterContent/Materials/M_Wood_Pine.uasset" 486
"M:/Desktop/Submission 03 October/The Fall Game/Content/StarterContent/Textures/T_Wood_Walnut_D.uasset" 487
"M:/Desktop/Submission 03 October/The Fall Game/Content/StarterContent/Textures/T_Wood_Walnut_N.uasset" 488
"M:/Desktop/Submission 03 October/The Fall Game/Content/StarterContent/Materials/M_Wood_Walnut.uasset" 489
"M:/Desktop/Submission 03 October/The Fall Game/Content/StarterContent/Architecture/Wall_400x200.uasset" 490
"M:/Desktop/Submission 03 October/The Fall Game/Content/StarterContent/Architecture/Wall_Door_400x300.uasset" 491
"M:/Desktop/Submission 03 October/The Fall Game/Content/StarterContent/Architecture/Wall_Window_400x300.uasset" 492
"M:/Desktop/Submission 03 October/The Fall Game/Content/StarterContent/Audio/Collapse_Cue.uasset" 493
"M:/Desktop/Submission 03 October/The Fall Game/Content/StarterContent/Audio/Starter_Music_Cue.uasset" 494
"M:/Desktop/Submission 03 October/The Fall Game/Content/StarterContent/Textures/T_Dust_Particle_D.uasset" 495
"M:/Desktop/Submission 03 October/The Fall Game/Content/StarterContent/Particles/Materials/M_Dust_Particle.uasset" 496
"M:/Desktop/Submission 03 October/The Fall Game/Content/StarterContent/Particles/P_Ambient_Dust.uasset" 497
"M:/Desktop/Submission 03 October/The Fall Game/Content/StarterContent/Props/MaterialSphere.uasset" 498
"M:/Desktop/Submission 03 October/The Fall Game/Content/StarterContent/Textures/T_Frame_M.uasset" 499
"M:/Desktop/Submission 03 October/The Fall Game/Content/StarterContent/Textures/T_Frame_N.uasset" 500
"M:/Desktop/Submission 03 October/The Fall Game/Content/StarterContent/Props/Materials/M_Frame.uasset" 501
"M:/Desktop/Submission 03 October/The Fall Game/Content/StarterContent/Props/SM_CornerFrame.uasset" 502
"M:/Desktop/Submission 03 October/The Fall Game/Content/StarterContent/Props/SM_DoorFrame.uasset" 503
"M:/Desktop/Submission 03 October/The Fall Game/Content/StarterContent/Props/SM_GlassWindow.uasset" 504
"M:/Desktop/Submission 03 October/The Fall Game/Content/StarterContent/Props/SM_PillarFrame.uasset" 505
"M:/Desktop/Submission 03 October/The Fall Game/Content/StarterContent/Props/SM_PillarFrame300.uasset" 506
"M:/Desktop/Submission 03 October/The Fall Game/Content/StarterContent/Props/SM_WindowFrame.uasset" 507
"M:/Desktop/Submission 03 October/The Fall Game/Content/StarterContent/Shapes/Shape_QuadPyramid.uasset" 508
"M:/Desktop/Submission 03 October/The Fall Game/Content/StarterContent/Shapes/Shape_Sphere.uasset" 509
"M:/Desktop/Submission 03 October/The Fall Game/Content/StarterContent/Maps/StarterMap.umap" 510
"M:/Desktop/Submission 03 October/The Fall Game/Content/ThirdPersonBP/Maps/ThirdPersonExampleMap_BuiltData.uasset" 511
"M:/Desktop/Submission 03 October/The Fall Game/Content/Geometry/Meshes/CubeMaterial.uasset" 512
"M:/Desktop/Submission 03 October/The Fall Game/Content/Geometry/Meshes/1M_Cube.uasset" 513
"M:/Desktop/Submission 03 October/The Fall Game/Content/Geometry/Meshes/1M_Cube_Chamfer.uasset" 514
"M:/Desktop/Submission 03 October/The Fall Game/Content/Geometry/Meshes/TemplateFloor.uasset" 515
"M:/Desktop/Submission 03 October/The Fall Game/Content/ThirdPerson/Meshes/RampMaterial.uasset" 516
"M:/Desktop/Submission 03 October/The Fall Game/Content/ThirdPerson/Meshes/Bump_StaticMesh.uasset" 517
"M:/Desktop/Submission 03 October/The Fall Game/Content/ThirdPerson/Meshes/LeftArm_StaticMesh.uasset" 518
"M:/Desktop/Submission 03 October/The Fall Game/Content/ThirdPerson/Meshes/Linear_Stair_StaticMesh.uasset" 519
"M:/Desktop/Submission 03 October/The Fall Game/Content/ThirdPerson/Meshes/Ramp_StaticMesh.uasset" 520
"M:/Desktop/Submission 03 October/The Fall Game/Content/ThirdPerson/Meshes/RightArm_StaticMesh.uasset" 521
"M:/Desktop/Submission 03 October/The Fall Game/Content/ThirdPersonBP/Maps/ThirdPersonExampleMap.umap" 522
"../../../Engine/Content/Maps/Entry_BuiltData.uasset" 523
"../../../Engine/Content/Maps/Entry.umap" 524
